<?xml version="1.0" encoding="UTF-8"?>
<!-- Generated by org.testng.reporters.JUnitReportReporter -->
<testsuite skipped="0" hostname="DESKTOP-AVA47U8" name="test.AddDropDownTest" tests="1" failures="0" timestamp="2021-01-16T10:11:09 CST" time="2.571" errors="0">
  <testcase name="test" time="2.571" classname="test.AddDropDownTest"/>
  <system-out/>
</testsuite> <!-- test.AddDropDownTest -->
