<?xml version="1.0" encoding="UTF-8"?>
<!-- Generated by org.testng.reporters.JUnitReportReporter -->
<testsuite skipped="0" hostname="DESKTOP-AVA47U8" name="test.AddDupCatTest" tests="1" failures="0" timestamp="2021-01-16T10:11:35 CST" time="2.623" errors="0">
  <testcase name="AddDupCat" time="2.623" classname="test.AddDupCatTest"/>
  <system-out/>
</testsuite> <!-- test.AddDupCatTest -->
