<?xml version="1.0" encoding="UTF-8"?>
<!-- Generated by org.testng.reporters.JUnitReportReporter -->
<testsuite skipped="0" hostname="DESKTOP-AVA47U8" name="page.OpenBrowser" tests="1" failures="0" timestamp="2020-12-30T19:22:23 CST" time="7.785" errors="0">
  <testcase name="Openbrowser" time="7.785" classname="page.OpenBrowser"/>
  <system-out/>
</testsuite> <!-- page.OpenBrowser -->
