<?xml version="1.0" encoding="UTF-8"?>
<!-- Generated by org.testng.reporters.JUnitReportReporter -->
<testsuite skipped="0" hostname="DESKTOP-AVA47U8" name="page.DropDownPage" tests="1" failures="0" timestamp="2021-01-15T10:58:32 CST" time="8.768" errors="0">
  <testcase name="test" time="8.768" classname="page.DropDownPage"/>
  <system-out/>
</testsuite> <!-- page.DropDownPage -->
