<?xml version="1.0" encoding="UTF-8"?>
<!-- Generated by org.testng.reporters.JUnitReportReporter -->
<testsuite skipped="0" hostname="DESKTOP-AVA47U8" name="test.TestRunner" tests="2" failures="0" timestamp="2021-01-11T10:13:36 CST" time="8.859" errors="0">
  <testcase name="test" time="0.010" classname="test.TestRunner"/>
  <system-out/>
  <testcase name="test2" time="8.849" classname="test.TestRunner"/>
  <system-out/>
</testsuite> <!-- test.TestRunner -->
