<?xml version="1.0" encoding="UTF-8"?>
<!-- Generated by org.testng.reporters.JUnitReportReporter -->
<testsuite skipped="0" hostname="DESKTOP-AVA47U8" name="test.AddCatagoryTest" tests="1" failures="0" timestamp="2021-01-16T12:21:02 CST" time="2.171" errors="0">
  <testcase name="AddCatagory" time="2.171" classname="test.AddCatagoryTest"/>
  <system-out/>
</testsuite> <!-- test.AddCatagoryTest -->
